2026-05-23 16:12:27,502 | INFO     | Solar Sheild monitor is online.
2026-05-23 16:12:27,506 | INFO     | Registry scan has started
2026-05-23 16:12:27,506 | INFO     | [REGISTRY RUN KEY: ] SOFTWARE\Microsoft\Windows\CurrentVersion\Run
2026-05-23 16:12:27,506 | INFO     | [REGISTRY RUN KEY: ] SOFTWARE\Microsoft\Windows\CurrentVersion\Run
2026-05-23 16:12:27,511 | INFO     | [REGISTRY RUN KEY: ] SOFTWARE\Microsoft\Windows\CurrentVersion\Run
2026-05-23 16:12:27,514 | INFO     | [REGISTRY RUN KEY: ] SOFTWARE\Microsoft\Windows\CurrentVersion\Run
2026-05-23 16:12:27,514 | INFO     | [REGISTRY RUN KEY: ] SOFTWARE\Microsoft\Windows\CurrentVersion\Run
2026-05-23 16:12:27,514 | INFO     | [REGISTRY RUN KEY: ] SOFTWARE\Microsoft\Windows\CurrentVersion\Run
2026-05-23 16:12:27,514 | INFO     | [REGISTRY RUN KEY: ] SOFTWARE\Microsoft\Windows\CurrentVersion\Run
2026-05-23 16:12:27,514 | INFO     | Registry Scan complete. 7 entries found.
2026-05-23 16:12:27,514 | INFO     | [REGISTRY RUN KEY: ] SOFTWARE\Microsoft\Windows\CurrentVersion\Run
2026-05-23 16:12:27,522 | INFO     | [REGISTRY RUN KEY: ] SOFTWARE\Microsoft\Windows\CurrentVersion\Run
2026-05-23 16:12:27,522 | INFO     | Registry Scan complete. 2 entries found.
2026-05-23 16:12:27,522 | INFO     | ============EVENT_LOG_HAS_STARTED============
2026-05-23 16:12:27,522 | INFO     | ============PROCESS_WATCHER_STARTED============
2026-05-23 16:12:27,549 | INFO     | ============FILE_WATCHER_STARTED============
2026-05-23 16:12:28,566 | INFO     | [SYSTEM_SNAPSHOT] system
2026-05-23 16:12:32,966 | DEBUG    | [PROCESS_BASELINE] System Idle Process
2026-05-23 16:12:32,968 | DEBUG    | [PROCESS_BASELINE] System
2026-05-23 16:12:32,968 | DEBUG    | [PROCESS_BASELINE] 
2026-05-23 16:12:32,971 | DEBUG    | [PROCESS_BASELINE] Registry
2026-05-23 16:12:32,973 | DEBUG    | [PROCESS_BASELINE] smss.exe
2026-05-23 16:12:32,973 | DEBUG    | [PROCESS_BASELINE] csrss.exe
2026-05-23 16:12:32,975 | DEBUG    | [PROCESS_BASELINE] wininit.exe
2026-05-23 16:12:32,975 | DEBUG    | [PROCESS_BASELINE] csrss.exe
2026-05-23 16:12:32,977 | DEBUG    | [PROCESS_BASELINE] winlogon.exe
2026-05-23 16:12:32,979 | DEBUG    | [PROCESS_BASELINE] services.exe
2026-05-23 16:12:32,979 | DEBUG    | [PROCESS_BASELINE] LsaIso.exe
2026-05-23 16:12:32,981 | DEBUG    | [PROCESS_BASELINE] lsass.exe
2026-05-23 16:12:32,981 | DEBUG    | [PROCESS_BASELINE] dwm.exe
2026-05-23 16:12:32,981 | DEBUG    | [PROCESS_BASELINE] AppProvisioningPlugin.exe
2026-05-23 16:12:32,984 | DEBUG    | [PROCESS_BASELINE] AMDRSSrcExt.exe
2026-05-23 16:12:32,984 | DEBUG    | [PROCESS_BASELINE] svchost.exe
2026-05-23 16:12:32,985 | DEBUG    | [PROCESS_BASELINE] fontdrvhost.exe
2026-05-23 16:12:32,986 | DEBUG    | [PROCESS_BASELINE] fontdrvhost.exe
2026-05-23 16:12:32,986 | DEBUG    | [PROCESS_BASELINE] WUDFHost.exe
2026-05-23 16:12:32,986 | DEBUG    | [PROCESS_BASELINE] svchost.exe
2026-05-23 16:12:32,988 | DEBUG    | [PROCESS_BASELINE] svchost.exe
2026-05-23 16:12:32,990 | DEBUG    | [PROCESS_BASELINE] WUDFHost.exe
2026-05-23 16:12:32,990 | DEBUG    | [PROCESS_BASELINE] msedgewebview2.exe
2026-05-23 16:12:32,991 | DEBUG    | [PROCESS_BASELINE] WUDFCompanionHost.exe
2026-05-23 16:12:32,993 | DEBUG    | [PROCESS_BASELINE] brave.exe
2026-05-23 16:12:32,995 | DEBUG    | [PROCESS_BASELINE] svchost.exe
2026-05-23 16:12:32,997 | DEBUG    | [PROCESS_BASELINE] svchost.exe
2026-05-23 16:12:32,998 | DEBUG    | [PROCESS_BASELINE] svchost.exe
2026-05-23 16:12:32,998 | DEBUG    | [PROCESS_BASELINE] amdpmfservice.exe
2026-05-23 16:12:32,998 | DEBUG    | [PROCESS_BASELINE] svchost.exe
2026-05-23 16:12:32,998 | DEBUG    | [PROCESS_BASELINE] glazewm-watcher.exe
2026-05-23 16:12:32,998 | DEBUG    | [PROCESS_BASELINE] svchost.exe
2026-05-23 16:12:33,002 | DEBUG    | [PROCESS_BASELINE] svchost.exe
2026-05-23 16:12:33,002 | DEBUG    | [PROCESS_BASELINE] svchost.exe
2026-05-23 16:12:33,004 | DEBUG    | [PROCESS_BASELINE] msedgewebview2.exe
2026-05-23 16:12:33,004 | DEBUG    | [PROCESS_BASELINE] svchost.exe
2026-05-23 16:12:33,007 | DEBUG    | [PROCESS_BASELINE] svchost.exe
2026-05-23 16:12:33,011 | DEBUG    | [PROCESS_BASELINE] svchost.exe
2026-05-23 16:12:33,013 | DEBUG    | [PROCESS_BASELINE] svchost.exe
2026-05-23 16:12:33,015 | DEBUG    | [PROCESS_BASELINE] svchost.exe
2026-05-23 16:12:33,015 | DEBUG    | [PROCESS_BASELINE] svchost.exe
2026-05-23 16:12:33,017 | DEBUG    | [PROCESS_BASELINE] svchost.exe
2026-05-23 16:12:33,017 | DEBUG    | [PROCESS_BASELINE] msedgewebview2.exe
2026-05-23 16:12:33,017 | DEBUG    | [PROCESS_BASELINE] svchost.exe
2026-05-23 16:12:33,017 | DEBUG    | [PROCESS_BASELINE] svchost.exe
2026-05-23 16:12:33,017 | DEBUG    | [PROCESS_BASELINE] svchost.exe
2026-05-23 16:12:33,021 | DEBUG    | [PROCESS_BASELINE] svchost.exe
2026-05-23 16:12:33,021 | DEBUG    | [PROCESS_BASELINE] svchost.exe
2026-05-23 16:12:33,021 | DEBUG    | [PROCESS_BASELINE] svchost.exe
2026-05-23 16:12:33,021 | DEBUG    | [PROCESS_BASELINE] svchost.exe
2026-05-23 16:12:33,021 | DEBUG    | [PROCESS_BASELINE] brave.exe
2026-05-23 16:12:33,026 | DEBUG    | [PROCESS_BASELINE] WUDFHost.exe
2026-05-23 16:12:33,028 | DEBUG    | [PROCESS_BASELINE] msedgewebview2.exe
2026-05-23 16:12:33,029 | DEBUG    | [PROCESS_BASELINE] brave.exe
2026-05-23 16:12:33,029 | DEBUG    | [PROCESS_BASELINE] MemCompression
2026-05-23 16:12:33,033 | DEBUG    | [PROCESS_BASELINE] brave.exe
2026-05-23 16:12:33,033 | DEBUG    | [PROCESS_BASELINE] WUDFHost.exe
2026-05-23 16:12:33,033 | DEBUG    | [PROCESS_BASELINE] svchost.exe
2026-05-23 16:12:33,033 | DEBUG    | [PROCESS_BASELINE] python3.12.exe
2026-05-23 16:12:33,033 | DEBUG    | [PROCESS_BASELINE] WUDFHost.exe
2026-05-23 16:12:33,033 | DEBUG    | [PROCESS_BASELINE] MessagingPlugin.exe
2026-05-23 16:12:33,039 | DEBUG    | [PROCESS_BASELINE] YMC.exe
2026-05-23 16:12:33,039 | DEBUG    | [PROCESS_BASELINE] conhost.exe
2026-05-23 16:12:33,039 | DEBUG    | [PROCESS_BASELINE] svchost.exe
2026-05-23 16:12:33,039 | DEBUG    | [PROCESS_BASELINE] amdfendrsr.exe
2026-05-23 16:12:33,039 | DEBUG    | [PROCESS_BASELINE] atiesrxx.exe
2026-05-23 16:12:33,044 | DEBUG    | [PROCESS_BASELINE] svchost.exe
2026-05-23 16:12:33,044 | DEBUG    | [PROCESS_BASELINE] yasb.exe
2026-05-23 16:12:33,045 | DEBUG    | [PROCESS_BASELINE] brave.exe
2026-05-23 16:12:33,047 | DEBUG    | [PROCESS_BASELINE] atieclxx.exe
2026-05-23 16:12:33,048 | DEBUG    | [PROCESS_BASELINE] svchost.exe
2026-05-23 16:12:33,048 | DEBUG    | [PROCESS_BASELINE] svchost.exe
2026-05-23 16:12:33,050 | DEBUG    | [PROCESS_BASELINE] svchost.exe
2026-05-23 16:12:33,051 | DEBUG    | [PROCESS_BASELINE] svchost.exe
2026-05-23 16:12:33,053 | DEBUG    | [PROCESS_BASELINE] svchost.exe
2026-05-23 16:12:33,053 | DEBUG    | [PROCESS_BASELINE] PowerToys.AlwaysOnTop.exe
2026-05-23 16:12:33,055 | DEBUG    | [PROCESS_BASELINE] svchost.exe
2026-05-23 16:12:33,055 | DEBUG    | [PROCESS_BASELINE] WTabletServiceISD.exe
2026-05-23 16:12:33,056 | DEBUG    | [PROCESS_BASELINE] WUDFCompanionHost.exe
2026-05-23 16:12:33,056 | DEBUG    | [PROCESS_BASELINE] PowerToys.ColorPickerUI.exe
2026-05-23 16:12:33,056 | DEBUG    | [PROCESS_BASELINE] audiodg.exe
2026-05-23 16:12:33,056 | DEBUG    | [PROCESS_BASELINE] svchost.exe
2026-05-23 16:12:33,059 | DEBUG    | [PROCESS_BASELINE] svchost.exe
2026-05-23 16:12:33,060 | DEBUG    | [PROCESS_BASELINE] LenovoVantage-(SmartInteractAddin).exe
2026-05-23 16:12:33,061 | DEBUG    | [PROCESS_BASELINE] WUDFCompanionHost.exe
2026-05-23 16:12:33,061 | DEBUG    | [PROCESS_BASELINE] svchost.exe
2026-05-23 16:12:33,061 | DEBUG    | [PROCESS_BASELINE] svchost.exe
2026-05-23 16:12:33,061 | DEBUG    | [PROCESS_BASELINE] unsecapp.exe
2026-05-23 16:12:33,065 | DEBUG    | [PROCESS_BASELINE] brave.exe
2026-05-23 16:12:33,065 | DEBUG    | [PROCESS_BASELINE] spoolsv.exe
2026-05-23 16:12:33,067 | DEBUG    | [PROCESS_BASELINE] brave.exe
2026-05-23 16:12:33,068 | DEBUG    | [PROCESS_BASELINE] LenovoVantage-(VantageCoreAddin).exe
2026-05-23 16:12:33,068 | DEBUG    | [PROCESS_BASELINE] svchost.exe
2026-05-23 16:12:33,068 | DEBUG    | [PROCESS_BASELINE] svchost.exe
2026-05-23 16:12:33,070 | DEBUG    | [PROCESS_BASELINE] svchost.exe
2026-05-23 16:12:33,070 | DEBUG    | [PROCESS_BASELINE] svchost.exe
2026-05-23 16:12:33,072 | DEBUG    | [PROCESS_BASELINE] svchost.exe
2026-05-23 16:12:33,072 | DEBUG    | [PROCESS_BASELINE] svchost.exe
2026-05-23 16:12:33,072 | DEBUG    | [PROCESS_BASELINE] NgcIso.exe
2026-05-23 16:12:33,072 | DEBUG    | [PROCESS_BASELINE] brave.exe
2026-05-23 16:12:33,072 | DEBUG    | [PROCESS_BASELINE] AmdPpkgSvc.exe
2026-05-23 16:12:33,076 | DEBUG    | [PROCESS_BASELINE] LenovoVantageService.exe
2026-05-23 16:12:33,076 | DEBUG    | [PROCESS_BASELINE] LenovoUtilityService.exe
2026-05-23 16:12:33,078 | DEBUG    | [PROCESS_BASELINE] ElevocControlService.exe
2026-05-23 16:12:33,078 | DEBUG    | [PROCESS_BASELINE] svchost.exe
2026-05-23 16:12:33,078 | DEBUG    | [PROCESS_BASELINE] svchost.exe
2026-05-23 16:12:33,078 | DEBUG    | [PROCESS_BASELINE] DAX3API.exe
2026-05-23 16:12:33,082 | DEBUG    | [PROCESS_BASELINE] SensorFusionService.exe
2026-05-23 16:12:33,082 | DEBUG    | [PROCESS_BASELINE] LNBITSSvc.exe
2026-05-23 16:12:33,082 | DEBUG    | [PROCESS_BASELINE] Lockscreen.Service.exe
2026-05-23 16:12:33,084 | DEBUG    | [PROCESS_BASELINE] servicehost.exe
2026-05-23 16:12:33,084 | DEBUG    | [PROCESS_BASELINE] svchost.exe
2026-05-23 16:12:33,084 | DEBUG    | [PROCESS_BASELINE] MpDefenderCoreService.exe
2026-05-23 16:12:33,084 | DEBUG    | [PROCESS_BASELINE] OfficeClickToRun.exe
2026-05-23 16:12:33,087 | DEBUG    | [PROCESS_BASELINE] RtkBtManServ.exe
2026-05-23 16:12:33,088 | DEBUG    | [PROCESS_BASELINE] ReadyForService.exe
2026-05-23 16:12:33,088 | DEBUG    | [PROCESS_BASELINE] RtkAudUService64.exe
2026-05-23 16:12:33,088 | DEBUG    | [PROCESS_BASELINE] GoodixSessionService.exe
2026-05-23 16:12:33,088 | DEBUG    | [PROCESS_BASELINE] svchost.exe
2026-05-23 16:12:33,088 | DEBUG    | [PROCESS_BASELINE] UDClientService.exe
2026-05-23 16:12:33,088 | DEBUG    | [PROCESS_BASELINE] MsMpEng.exe
2026-05-23 16:12:33,088 | DEBUG    | [PROCESS_BASELINE] Spotify.exe
2026-05-23 16:12:33,095 | DEBUG    | [PROCESS_BASELINE] svchost.exe
2026-05-23 16:12:33,095 | DEBUG    | [PROCESS_BASELINE] windhawk.exe
2026-05-23 16:12:33,097 | DEBUG    | [PROCESS_BASELINE] svchost.exe
2026-05-23 16:12:33,097 | DEBUG    | [PROCESS_BASELINE] wslservice.exe
2026-05-23 16:12:33,097 | DEBUG    | [PROCESS_BASELINE] svchost.exe
2026-05-23 16:12:33,097 | DEBUG    | [PROCESS_BASELINE] RtkAudUService64.exe
2026-05-23 16:12:33,097 | DEBUG    | [PROCESS_BASELINE] TextInputHost.exe
2026-05-23 16:12:33,097 | DEBUG    | [PROCESS_BASELINE] svchost.exe
2026-05-23 16:12:33,097 | DEBUG    | [PROCESS_BASELINE] powershell.exe
2026-05-23 16:12:33,102 | DEBUG    | [PROCESS_BASELINE] WUDFHost.exe
2026-05-23 16:12:33,102 | DEBUG    | [PROCESS_BASELINE] amdpmfserviceuser.exe
2026-05-23 16:12:33,102 | DEBUG    | [PROCESS_BASELINE] svchost.exe
2026-05-23 16:12:33,102 | DEBUG    | [PROCESS_BASELINE] windhawk.exe
2026-05-23 16:12:33,102 | DEBUG    | [PROCESS_BASELINE] svchost.exe
2026-05-23 16:12:33,102 | DEBUG    | [PROCESS_BASELINE] svchost.exe
2026-05-23 16:12:33,102 | DEBUG    | [PROCESS_BASELINE] conhost.exe
2026-05-23 16:12:33,102 | DEBUG    | [PROCESS_BASELINE] WmiPrvSE.exe
2026-05-23 16:12:33,102 | DEBUG    | [PROCESS_BASELINE] conhost.exe
2026-05-23 16:12:33,110 | DEBUG    | [PROCESS_BASELINE] glazewm.exe
2026-05-23 16:12:33,111 | DEBUG    | [PROCESS_BASELINE] svchost.exe
2026-05-23 16:12:33,114 | DEBUG    | [PROCESS_BASELINE] svchost.exe
2026-05-23 16:12:33,114 | DEBUG    | [PROCESS_BASELINE] AutoModeDetect.exe
2026-05-23 16:12:33,114 | DEBUG    | [PROCESS_BASELINE] svchost.exe
2026-05-23 16:12:33,117 | DEBUG    | [PROCESS_BASELINE] DAX3API.exe
2026-05-23 16:12:33,117 | DEBUG    | [PROCESS_BASELINE] unsecapp.exe
2026-05-23 16:12:33,117 | DEBUG    | [PROCESS_BASELINE] thide.exe
2026-05-23 16:12:33,120 | DEBUG    | [PROCESS_BASELINE] Spotify.exe
2026-05-23 16:12:33,120 | DEBUG    | [PROCESS_BASELINE] RtkAudUService64.exe
2026-05-23 16:12:33,120 | DEBUG    | [PROCESS_BASELINE] Code.exe
2026-05-23 16:12:33,120 | DEBUG    | [PROCESS_BASELINE] Code.exe
2026-05-23 16:12:33,120 | DEBUG    | [PROCESS_BASELINE] PowerToys.Peek.UI.exe
2026-05-23 16:12:33,120 | DEBUG    | [PROCESS_BASELINE] svchost.exe
2026-05-23 16:12:33,120 | DEBUG    | [PROCESS_BASELINE] AggregatorHost.exe
2026-05-23 16:12:33,128 | DEBUG    | [PROCESS_BASELINE] NisSrv.exe
2026-05-23 16:12:33,131 | DEBUG    | [PROCESS_BASELINE] OneDrive.Sync.Service.exe
2026-05-23 16:12:33,132 | DEBUG    | [PROCESS_BASELINE] svchost.exe
2026-05-23 16:12:33,132 | DEBUG    | [PROCESS_BASELINE] sihost.exe
2026-05-23 16:12:33,132 | DEBUG    | [PROCESS_BASELINE] svchost.exe
2026-05-23 16:12:33,132 | DEBUG    | [PROCESS_BASELINE] WTabletServiceISD.exe
2026-05-23 16:12:33,132 | DEBUG    | [PROCESS_BASELINE] svchost.exe
2026-05-23 16:12:33,132 | DEBUG    | [PROCESS_BASELINE] PowerToys.FancyZones.exe
2026-05-23 16:12:33,132 | DEBUG    | [PROCESS_BASELINE] svchost.exe
2026-05-23 16:12:33,132 | DEBUG    | [PROCESS_BASELINE] uihost.exe
2026-05-23 16:12:33,132 | DEBUG    | [PROCESS_BASELINE] OneDrive.exe
2026-05-23 16:12:33,132 | DEBUG    | [PROCESS_BASELINE] svchost.exe
2026-05-23 16:12:33,132 | DEBUG    | [PROCESS_BASELINE] svchost.exe
2026-05-23 16:12:33,132 | DEBUG    | [PROCESS_BASELINE] FnHotkeyCapsLKNumLK.exe
2026-05-23 16:12:33,132 | DEBUG    | [PROCESS_BASELINE] svchost.exe
2026-05-23 16:12:33,144 | DEBUG    | [PROCESS_BASELINE] svchost.exe
2026-05-23 16:12:33,144 | DEBUG    | [PROCESS_BASELINE] svchost.exe
2026-05-23 16:12:33,146 | DEBUG    | [PROCESS_BASELINE] Win32Controller.exe
2026-05-23 16:12:33,146 | DEBUG    | [PROCESS_BASELINE] taskhostw.exe
2026-05-23 16:12:33,148 | DEBUG    | [PROCESS_BASELINE] MicrosoftEdgeUpdate.exe
2026-05-23 16:12:33,148 | DEBUG    | [PROCESS_BASELINE] svchost.exe
2026-05-23 16:12:33,150 | DEBUG    | [PROCESS_BASELINE] svchost.exe
2026-05-23 16:12:33,150 | DEBUG    | [PROCESS_BASELINE] BraveCrashHandler64.exe
2026-05-23 16:12:33,150 | DEBUG    | [PROCESS_BASELINE] PowerToys.Awake.exe
2026-05-23 16:12:33,150 | DEBUG    | [PROCESS_BASELINE] ApplicationFrameHost.exe
2026-05-23 16:12:33,150 | DEBUG    | [PROCESS_BASELINE] explorer.exe
2026-05-23 16:12:33,150 | DEBUG    | [PROCESS_BASELINE] svchost.exe
2026-05-23 16:12:33,150 | DEBUG    | [PROCESS_BASELINE] ShellHost.exe
2026-05-23 16:12:33,150 | DEBUG    | [PROCESS_BASELINE] Code.exe
2026-05-23 16:12:33,157 | DEBUG    | [PROCESS_BASELINE] unsecapp.exe
2026-05-23 16:12:33,157 | DEBUG    | [PROCESS_BASELINE] CrossDeviceResume.exe
2026-05-23 16:12:33,160 | DEBUG    | [PROCESS_BASELINE] TabTip.exe
2026-05-23 16:12:33,162 | DEBUG    | [PROCESS_BASELINE] WmiApSrv.exe
2026-05-23 16:12:33,164 | DEBUG    | [PROCESS_BASELINE] Lenovo.Modern.ImController.exe
2026-05-23 16:12:33,165 | DEBUG    | [PROCESS_BASELINE] BraveCrashHandler.exe
2026-05-23 16:12:33,165 | DEBUG    | [PROCESS_BASELINE] PowerToys.exe
2026-05-23 16:12:33,165 | DEBUG    | [PROCESS_BASELINE] CrossDeviceService.exe
2026-05-23 16:12:33,165 | DEBUG    | [PROCESS_BASELINE] FnHotkeyUtility.exe
2026-05-23 16:12:33,165 | DEBUG    | [PROCESS_BASELINE] brave.exe
2026-05-23 16:12:33,165 | DEBUG    | [PROCESS_BASELINE] svchost.exe
2026-05-23 16:12:33,165 | DEBUG    | [PROCESS_BASELINE] svchost.exe
2026-05-23 16:12:33,165 | DEBUG    | [PROCESS_BASELINE] svchost.exe
2026-05-23 16:12:33,165 | DEBUG    | [PROCESS_BASELINE] SmartNote.exe
2026-05-23 16:12:33,165 | DEBUG    | [PROCESS_BASELINE] AMDRSServ.exe
2026-05-23 16:12:33,173 | DEBUG    | [PROCESS_BASELINE] RuntimeBroker.exe
2026-05-23 16:12:33,173 | DEBUG    | [PROCESS_BASELINE] svchost.exe
2026-05-23 16:12:33,175 | DEBUG    | [PROCESS_BASELINE] FileCoAuth.exe
2026-05-23 16:12:33,176 | DEBUG    | [PROCESS_BASELINE] svchost.exe
2026-05-23 16:12:33,177 | DEBUG    | [PROCESS_BASELINE] StartMenuExperienceHost.exe
2026-05-23 16:12:33,179 | DEBUG    | [PROCESS_BASELINE] SearchHost.exe
2026-05-23 16:12:33,180 | DEBUG    | [PROCESS_BASELINE] RuntimeBroker.exe
2026-05-23 16:12:33,180 | DEBUG    | [PROCESS_BASELINE] svchost.exe
2026-05-23 16:12:33,182 | DEBUG    | [PROCESS_BASELINE] Widgets.exe
2026-05-23 16:12:33,182 | DEBUG    | [PROCESS_BASELINE] SystemSettings.exe
2026-05-23 16:12:33,182 | DEBUG    | [PROCESS_BASELINE] brave.exe
2026-05-23 16:12:33,182 | DEBUG    | [PROCESS_BASELINE] Code.exe
2026-05-23 16:12:33,186 | DEBUG    | [PROCESS_BASELINE] SearchIndexer.exe
2026-05-23 16:12:33,186 | DEBUG    | [PROCESS_BASELINE] msedgewebview2.exe
2026-05-23 16:12:33,186 | DEBUG    | [PROCESS_BASELINE] msedgewebview2.exe
2026-05-23 16:12:33,186 | DEBUG    | [PROCESS_BASELINE] svchost.exe
2026-05-23 16:12:33,186 | DEBUG    | [PROCESS_BASELINE] msedgewebview2.exe
2026-05-23 16:12:33,186 | DEBUG    | [PROCESS_BASELINE] PowerToys.QuickAccess.exe
2026-05-23 16:12:33,186 | DEBUG    | [PROCESS_BASELINE] msedgewebview2.exe
2026-05-23 16:12:33,191 | DEBUG    | [PROCESS_BASELINE] Discord.exe
2026-05-23 16:12:33,191 | DEBUG    | [PROCESS_BASELINE] Discord.exe
2026-05-23 16:12:33,193 | DEBUG    | [PROCESS_BASELINE] Spotify.exe
2026-05-23 16:12:33,193 | DEBUG    | [PROCESS_BASELINE] ctfmon.exe
2026-05-23 16:12:33,195 | DEBUG    | [PROCESS_BASELINE] Spotify.exe
2026-05-23 16:12:33,195 | DEBUG    | [PROCESS_BASELINE] conhost.exe
2026-05-23 16:12:33,198 | DEBUG    | [PROCESS_BASELINE] LenovoVantage-(GenericMessagingAddin).exe
2026-05-23 16:12:33,198 | DEBUG    | [PROCESS_BASELINE] OpenConsole.exe
2026-05-23 16:12:33,199 | DEBUG    | [PROCESS_BASELINE] SecurityHealthSystray.exe
2026-05-23 16:12:33,200 | DEBUG    | [PROCESS_BASELINE] brave.exe
2026-05-23 16:12:33,200 | DEBUG    | [PROCESS_BASELINE] msedgewebview2.exe
2026-05-23 16:12:33,200 | DEBUG    | [PROCESS_BASELINE] SecurityHealthService.exe
2026-05-23 16:12:33,200 | DEBUG    | [PROCESS_BASELINE] FileSyncHelper.exe
2026-05-23 16:12:33,200 | DEBUG    | [PROCESS_BASELINE] Discord.exe
2026-05-23 16:12:33,200 | DEBUG    | [PROCESS_BASELINE] Code.exe
2026-05-23 16:12:33,205 | DEBUG    | [PROCESS_BASELINE] Discord.exe
2026-05-23 16:12:33,205 | DEBUG    | [PROCESS_BASELINE] Discord.exe
2026-05-23 16:12:33,206 | DEBUG    | [PROCESS_BASELINE] msedgewebview2.exe
2026-05-23 16:12:33,207 | DEBUG    | [PROCESS_BASELINE] msedgewebview2.exe
2026-05-23 16:12:33,207 | DEBUG    | [PROCESS_BASELINE] msedgewebview2.exe
2026-05-23 16:12:33,209 | DEBUG    | [PROCESS_BASELINE] svchost.exe
2026-05-23 16:12:33,209 | DEBUG    | [PROCESS_BASELINE] WidgetService.exe
2026-05-23 16:12:33,212 | DEBUG    | [PROCESS_BASELINE] Spotify.exe
2026-05-23 16:12:33,212 | DEBUG    | [PROCESS_BASELINE] Discord.exe
2026-05-23 16:12:33,212 | DEBUG    | [PROCESS_BASELINE] svchost.exe
2026-05-23 16:12:33,214 | DEBUG    | [PROCESS_BASELINE] svchost.exe
2026-05-23 16:12:33,214 | DEBUG    | [PROCESS_BASELINE] svchost.exe
2026-05-23 16:12:33,216 | DEBUG    | [PROCESS_BASELINE] svchost.exe
2026-05-23 16:12:33,217 | DEBUG    | [PROCESS_BASELINE] Spotify.exe
2026-05-23 16:12:33,217 | DEBUG    | [PROCESS_BASELINE] svchost.exe
2026-05-23 16:12:33,217 | DEBUG    | [PROCESS_BASELINE] DiscordSystemHelper.exe
2026-05-23 16:12:33,220 | DEBUG    | [PROCESS_BASELINE] Code.exe
2026-05-23 16:12:33,220 | DEBUG    | [PROCESS_BASELINE] backgroundTaskHost.exe
2026-05-23 16:12:33,220 | DEBUG    | [PROCESS_BASELINE] Flow.Launcher.exe
2026-05-23 16:12:33,222 | DEBUG    | [PROCESS_BASELINE] DiscordSystemHelper.exe
2026-05-23 16:12:33,222 | DEBUG    | [PROCESS_BASELINE] amdow.exe
2026-05-23 16:12:33,224 | DEBUG    | [PROCESS_BASELINE] Spotify.exe
2026-05-23 16:12:33,225 | DEBUG    | [PROCESS_BASELINE] brave.exe
2026-05-23 16:12:33,226 | DEBUG    | [PROCESS_BASELINE] RadeonSoftware.exe
2026-05-23 16:12:33,228 | DEBUG    | [PROCESS_BASELINE] powershell.exe
2026-05-23 16:12:33,228 | DEBUG    | [PROCESS_BASELINE] brave.exe
2026-05-23 16:12:33,230 | DEBUG    | [PROCESS_BASELINE] cncmd.exe
2026-05-23 16:12:33,231 | DEBUG    | [PROCESS_BASELINE] Locator.exe
2026-05-23 16:12:33,232 | DEBUG    | [PROCESS_BASELINE] Code.exe
2026-05-23 16:12:33,232 | DEBUG    | [PROCESS_BASELINE] brave.exe
2026-05-23 16:12:33,232 | DEBUG    | [PROCESS_BASELINE] brave.exe
2026-05-23 16:12:33,232 | DEBUG    | [PROCESS_BASELINE] brave.exe
2026-05-23 16:12:33,232 | DEBUG    | [PROCESS_BASELINE] brave.exe
2026-05-23 16:12:33,236 | DEBUG    | [PROCESS_BASELINE] brave.exe
2026-05-23 16:12:33,237 | DEBUG    | [PROCESS_BASELINE] brave.exe
2026-05-23 16:12:33,237 | DEBUG    | [PROCESS_BASELINE] brave.exe
2026-05-23 16:12:33,239 | DEBUG    | [PROCESS_BASELINE] UserOOBEBroker.exe
2026-05-23 16:12:33,239 | DEBUG    | [PROCESS_BASELINE] Code.exe
2026-05-23 16:12:33,240 | DEBUG    | [PROCESS_BASELINE] brave.exe
2026-05-23 16:12:33,242 | DEBUG    | [PROCESS_BASELINE] taskhostw.exe
2026-05-23 16:12:33,243 | DEBUG    | [PROCESS_BASELINE] svchost.exe
2026-05-23 16:12:33,243 | DEBUG    | [PROCESS_BASELINE] svchost.exe
2026-05-23 16:12:33,245 | DEBUG    | [PROCESS_BASELINE] brave.exe
2026-05-23 16:12:33,247 | DEBUG    | [PROCESS_BASELINE] svchost.exe
2026-05-23 16:12:33,248 | DEBUG    | [PROCESS_BASELINE] brave.exe
2026-05-23 16:12:33,249 | DEBUG    | [PROCESS_BASELINE] brave.exe
2026-05-23 16:12:33,249 | DEBUG    | [PROCESS_BASELINE] brave.exe
2026-05-23 16:12:33,251 | DEBUG    | [PROCESS_BASELINE] Code.exe
2026-05-23 16:12:33,251 | DEBUG    | [PROCESS_BASELINE] Code.exe
2026-05-23 16:12:33,252 | DEBUG    | [PROCESS_BASELINE] RuntimeBroker.exe
2026-05-23 16:12:33,252 | DEBUG    | [PROCESS_BASELINE] Code.exe
2026-05-23 16:12:33,254 | DEBUG    | [PROCESS_BASELINE] OpenConsole.exe
2026-05-23 16:12:33,254 | DEBUG    | [PROCESS_BASELINE] brave.exe
2026-05-23 16:12:33,255 | DEBUG    | [PROCESS_BASELINE] pet.exe
2026-05-23 16:12:33,255 | DEBUG    | [PROCESS_BASELINE] Code.exe
2026-05-23 16:12:33,257 | DEBUG    | [PROCESS_BASELINE] WindowsTerminal.exe
2026-05-23 16:12:33,257 | DEBUG    | [PROCESS_BASELINE] conhost.exe
2026-05-23 16:12:47,583 | INFO     | Solar Shield is shutting down
2026-05-23 16:12:47,673 | INFO     | ============PROCESS_WATCHER_ENDED============
2026-05-23 16:12:47,677 | INFO     | ============FILE_WATCHER_ENDED============
2026-05-23 16:12:47,677 | INFO     | Shutdown complete
2026-05-23 16:13:42,055 | INFO     | Solar Sheild monitor is online.
2026-05-23 16:13:42,056 | INFO     | Registry scan has started
2026-05-23 16:13:42,059 | INFO     | [REGISTRY RUN KEY: ] SOFTWARE\Microsoft\Windows\CurrentVersion\Run
2026-05-23 16:13:42,061 | INFO     | [REGISTRY RUN KEY: ] SOFTWARE\Microsoft\Windows\CurrentVersion\Run
2026-05-23 16:13:42,063 | INFO     | [REGISTRY RUN KEY: ] SOFTWARE\Microsoft\Windows\CurrentVersion\Run
2026-05-23 16:13:42,065 | INFO     | [REGISTRY RUN KEY: ] SOFTWARE\Microsoft\Windows\CurrentVersion\Run
2026-05-23 16:13:42,067 | INFO     | [REGISTRY RUN KEY: ] SOFTWARE\Microsoft\Windows\CurrentVersion\Run
2026-05-23 16:13:42,068 | INFO     | [REGISTRY RUN KEY: ] SOFTWARE\Microsoft\Windows\CurrentVersion\Run
2026-05-23 16:13:42,069 | INFO     | [REGISTRY RUN KEY: ] SOFTWARE\Microsoft\Windows\CurrentVersion\Run
2026-05-23 16:13:42,070 | INFO     | Registry Scan complete. 7 entries found.
2026-05-23 16:13:42,071 | INFO     | [REGISTRY RUN KEY: ] SOFTWARE\Microsoft\Windows\CurrentVersion\Run
2026-05-23 16:13:42,073 | INFO     | [REGISTRY RUN KEY: ] SOFTWARE\Microsoft\Windows\CurrentVersion\Run
2026-05-23 16:13:42,073 | INFO     | Registry Scan complete. 2 entries found.
2026-05-23 16:13:42,080 | INFO     | ============PROCESS_WATCHER_STARTED============
2026-05-23 16:13:42,085 | INFO     | ============EVENT_LOG_HAS_STARTED============
2026-05-23 16:13:42,091 | INFO     | ============FILE_WATCHER_STARTED============
2026-05-23 16:13:43,088 | INFO     | [SYSTEM_SNAPSHOT] system
2026-05-23 16:13:48,228 | DEBUG    | [PROCESS_BASELINE] System Idle Process
2026-05-23 16:13:48,229 | DEBUG    | [PROCESS_BASELINE] System
2026-05-23 16:13:48,230 | DEBUG    | [PROCESS_BASELINE] 
2026-05-23 16:13:48,231 | DEBUG    | [PROCESS_BASELINE] Registry
2026-05-23 16:13:48,232 | DEBUG    | [PROCESS_BASELINE] smss.exe
2026-05-23 16:13:48,233 | DEBUG    | [PROCESS_BASELINE] csrss.exe
2026-05-23 16:13:48,233 | DEBUG    | [PROCESS_BASELINE] wininit.exe
2026-05-23 16:13:48,235 | DEBUG    | [PROCESS_BASELINE] csrss.exe
2026-05-23 16:13:48,236 | DEBUG    | [PROCESS_BASELINE] winlogon.exe
2026-05-23 16:13:48,237 | DEBUG    | [PROCESS_BASELINE] services.exe
2026-05-23 16:13:48,238 | DEBUG    | [PROCESS_BASELINE] LsaIso.exe
2026-05-23 16:13:48,239 | DEBUG    | [PROCESS_BASELINE] lsass.exe
2026-05-23 16:13:48,244 | DEBUG    | [PROCESS_BASELINE] dwm.exe
2026-05-23 16:13:48,249 | DEBUG    | [PROCESS_BASELINE] AppProvisioningPlugin.exe
2026-05-23 16:13:48,251 | DEBUG    | [PROCESS_BASELINE] AMDRSSrcExt.exe
2026-05-23 16:13:48,252 | DEBUG    | [PROCESS_BASELINE] svchost.exe
2026-05-23 16:13:48,253 | DEBUG    | [PROCESS_BASELINE] fontdrvhost.exe
2026-05-23 16:13:48,254 | DEBUG    | [PROCESS_BASELINE] fontdrvhost.exe
2026-05-23 16:13:48,255 | DEBUG    | [PROCESS_BASELINE] WUDFHost.exe
2026-05-23 16:13:48,262 | DEBUG    | [PROCESS_BASELINE] svchost.exe
2026-05-23 16:13:48,266 | DEBUG    | [PROCESS_BASELINE] svchost.exe
2026-05-23 16:13:48,267 | DEBUG    | [PROCESS_BASELINE] WUDFHost.exe
2026-05-23 16:13:48,268 | DEBUG    | [PROCESS_BASELINE] msedgewebview2.exe
2026-05-23 16:13:48,268 | DEBUG    | [PROCESS_BASELINE] WUDFCompanionHost.exe
2026-05-23 16:13:48,269 | DEBUG    | [PROCESS_BASELINE] brave.exe
2026-05-23 16:13:48,270 | DEBUG    | [PROCESS_BASELINE] svchost.exe
2026-05-23 16:13:48,271 | DEBUG    | [PROCESS_BASELINE] svchost.exe
2026-05-23 16:13:48,272 | DEBUG    | [PROCESS_BASELINE] svchost.exe
2026-05-23 16:13:48,277 | DEBUG    | [PROCESS_BASELINE] amdpmfservice.exe
2026-05-23 16:13:48,278 | DEBUG    | [PROCESS_BASELINE] svchost.exe
2026-05-23 16:13:48,279 | DEBUG    | [PROCESS_BASELINE] glazewm-watcher.exe
2026-05-23 16:13:48,280 | DEBUG    | [PROCESS_BASELINE] svchost.exe
2026-05-23 16:13:48,281 | DEBUG    | [PROCESS_BASELINE] svchost.exe
2026-05-23 16:13:48,282 | DEBUG    | [PROCESS_BASELINE] svchost.exe
2026-05-23 16:13:48,283 | DEBUG    | [PROCESS_BASELINE] msedgewebview2.exe
2026-05-23 16:13:48,284 | DEBUG    | [PROCESS_BASELINE] svchost.exe
2026-05-23 16:13:48,285 | DEBUG    | [PROCESS_BASELINE] svchost.exe
2026-05-23 16:13:48,285 | DEBUG    | [PROCESS_BASELINE] svchost.exe
2026-05-23 16:13:48,287 | DEBUG    | [PROCESS_BASELINE] svchost.exe
2026-05-23 16:13:48,287 | DEBUG    | [PROCESS_BASELINE] svchost.exe
2026-05-23 16:13:48,288 | DEBUG    | [PROCESS_BASELINE] svchost.exe
2026-05-23 16:13:48,293 | DEBUG    | [PROCESS_BASELINE] svchost.exe
2026-05-23 16:13:48,294 | DEBUG    | [PROCESS_BASELINE] msedgewebview2.exe
2026-05-23 16:13:48,296 | DEBUG    | [PROCESS_BASELINE] svchost.exe
2026-05-23 16:13:48,298 | DEBUG    | [PROCESS_BASELINE] svchost.exe
2026-05-23 16:13:48,299 | DEBUG    | [PROCESS_BASELINE] svchost.exe
2026-05-23 16:13:48,300 | DEBUG    | [PROCESS_BASELINE] svchost.exe
2026-05-23 16:13:48,301 | DEBUG    | [PROCESS_BASELINE] svchost.exe
2026-05-23 16:13:48,302 | DEBUG    | [PROCESS_BASELINE] svchost.exe
2026-05-23 16:13:48,303 | DEBUG    | [PROCESS_BASELINE] svchost.exe
2026-05-23 16:13:48,304 | DEBUG    | [PROCESS_BASELINE] brave.exe
2026-05-23 16:13:48,308 | DEBUG    | [PROCESS_BASELINE] WUDFHost.exe
2026-05-23 16:13:48,309 | DEBUG    | [PROCESS_BASELINE] msedgewebview2.exe
2026-05-23 16:13:48,312 | DEBUG    | [PROCESS_BASELINE] brave.exe
2026-05-23 16:13:48,313 | DEBUG    | [PROCESS_BASELINE] MemCompression
2026-05-23 16:13:48,314 | DEBUG    | [PROCESS_BASELINE] brave.exe
2026-05-23 16:13:48,314 | DEBUG    | [PROCESS_BASELINE] WUDFHost.exe
2026-05-23 16:13:48,315 | DEBUG    | [PROCESS_BASELINE] svchost.exe
2026-05-23 16:13:48,316 | DEBUG    | [PROCESS_BASELINE] WUDFHost.exe
2026-05-23 16:13:48,317 | DEBUG    | [PROCESS_BASELINE] MessagingPlugin.exe
2026-05-23 16:13:48,318 | DEBUG    | [PROCESS_BASELINE] YMC.exe
2026-05-23 16:13:48,319 | DEBUG    | [PROCESS_BASELINE] conhost.exe
2026-05-23 16:13:48,320 | DEBUG    | [PROCESS_BASELINE] svchost.exe
2026-05-23 16:13:48,323 | DEBUG    | [PROCESS_BASELINE] amdfendrsr.exe
2026-05-23 16:13:48,325 | DEBUG    | [PROCESS_BASELINE] atiesrxx.exe
2026-05-23 16:13:48,326 | DEBUG    | [PROCESS_BASELINE] svchost.exe
2026-05-23 16:13:48,327 | DEBUG    | [PROCESS_BASELINE] yasb.exe
2026-05-23 16:13:48,329 | DEBUG    | [PROCESS_BASELINE] brave.exe
2026-05-23 16:13:48,330 | DEBUG    | [PROCESS_BASELINE] atieclxx.exe
2026-05-23 16:13:48,331 | DEBUG    | [PROCESS_BASELINE] svchost.exe
2026-05-23 16:13:48,332 | DEBUG    | [PROCESS_BASELINE] svchost.exe
2026-05-23 16:13:48,333 | DEBUG    | [PROCESS_BASELINE] svchost.exe
2026-05-23 16:13:48,333 | DEBUG    | [PROCESS_BASELINE] svchost.exe
2026-05-23 16:13:48,334 | DEBUG    | [PROCESS_BASELINE] svchost.exe
2026-05-23 16:13:48,335 | DEBUG    | [PROCESS_BASELINE] PowerToys.AlwaysOnTop.exe
2026-05-23 16:13:48,336 | DEBUG    | [PROCESS_BASELINE] svchost.exe
2026-05-23 16:13:48,339 | DEBUG    | [PROCESS_BASELINE] WTabletServiceISD.exe
2026-05-23 16:13:48,340 | DEBUG    | [PROCESS_BASELINE] WUDFCompanionHost.exe
2026-05-23 16:13:48,341 | DEBUG    | [PROCESS_BASELINE] PowerToys.ColorPickerUI.exe
2026-05-23 16:13:48,342 | DEBUG    | [PROCESS_BASELINE] audiodg.exe
2026-05-23 16:13:48,343 | DEBUG    | [PROCESS_BASELINE] svchost.exe
2026-05-23 16:13:48,344 | DEBUG    | [PROCESS_BASELINE] svchost.exe
2026-05-23 16:13:48,345 | DEBUG    | [PROCESS_BASELINE] LenovoVantage-(SmartInteractAddin).exe
2026-05-23 16:13:48,346 | DEBUG    | [PROCESS_BASELINE] WUDFCompanionHost.exe
2026-05-23 16:13:48,347 | DEBUG    | [PROCESS_BASELINE] svchost.exe
2026-05-23 16:13:48,348 | DEBUG    | [PROCESS_BASELINE] svchost.exe
2026-05-23 16:13:48,349 | DEBUG    | [PROCESS_BASELINE] unsecapp.exe
2026-05-23 16:13:48,350 | DEBUG    | [PROCESS_BASELINE] brave.exe
2026-05-23 16:13:48,351 | DEBUG    | [PROCESS_BASELINE] spoolsv.exe
2026-05-23 16:13:48,352 | DEBUG    | [PROCESS_BASELINE] brave.exe
2026-05-23 16:13:48,355 | DEBUG    | [PROCESS_BASELINE] LenovoVantage-(VantageCoreAddin).exe
2026-05-23 16:13:48,356 | DEBUG    | [PROCESS_BASELINE] svchost.exe
2026-05-23 16:13:48,356 | DEBUG    | [PROCESS_BASELINE] svchost.exe
2026-05-23 16:13:48,358 | DEBUG    | [PROCESS_BASELINE] svchost.exe
2026-05-23 16:13:48,359 | DEBUG    | [PROCESS_BASELINE] svchost.exe
2026-05-23 16:13:48,360 | DEBUG    | [PROCESS_BASELINE] svchost.exe
2026-05-23 16:13:48,361 | DEBUG    | [PROCESS_BASELINE] svchost.exe
2026-05-23 16:13:48,362 | DEBUG    | [PROCESS_BASELINE] NgcIso.exe
2026-05-23 16:13:48,363 | DEBUG    | [PROCESS_BASELINE] brave.exe
2026-05-23 16:13:48,364 | DEBUG    | [PROCESS_BASELINE] AmdPpkgSvc.exe
2026-05-23 16:13:48,365 | DEBUG    | [PROCESS_BASELINE] LenovoVantageService.exe
2026-05-23 16:13:48,366 | DEBUG    | [PROCESS_BASELINE] LenovoUtilityService.exe
2026-05-23 16:13:48,366 | DEBUG    | [PROCESS_BASELINE] ElevocControlService.exe
2026-05-23 16:13:48,371 | DEBUG    | [PROCESS_BASELINE] svchost.exe
2026-05-23 16:13:48,372 | DEBUG    | [PROCESS_BASELINE] svchost.exe
2026-05-23 16:13:48,372 | DEBUG    | [PROCESS_BASELINE] DAX3API.exe
2026-05-23 16:13:48,374 | DEBUG    | [PROCESS_BASELINE] SensorFusionService.exe
2026-05-23 16:13:48,375 | DEBUG    | [PROCESS_BASELINE] LNBITSSvc.exe
2026-05-23 16:13:48,377 | DEBUG    | [PROCESS_BASELINE] Lockscreen.Service.exe
2026-05-23 16:13:48,379 | DEBUG    | [PROCESS_BASELINE] servicehost.exe
2026-05-23 16:13:48,380 | DEBUG    | [PROCESS_BASELINE] svchost.exe
2026-05-23 16:13:48,381 | DEBUG    | [PROCESS_BASELINE] MpDefenderCoreService.exe
2026-05-23 16:13:48,382 | DEBUG    | [PROCESS_BASELINE] OfficeClickToRun.exe
2026-05-23 16:13:48,383 | DEBUG    | [PROCESS_BASELINE] RtkBtManServ.exe
2026-05-23 16:13:48,386 | DEBUG    | [PROCESS_BASELINE] ReadyForService.exe
2026-05-23 16:13:48,387 | DEBUG    | [PROCESS_BASELINE] RtkAudUService64.exe
2026-05-23 16:13:48,388 | DEBUG    | [PROCESS_BASELINE] GoodixSessionService.exe
2026-05-23 16:13:48,389 | DEBUG    | [PROCESS_BASELINE] svchost.exe
2026-05-23 16:13:48,390 | DEBUG    | [PROCESS_BASELINE] UDClientService.exe
2026-05-23 16:13:48,391 | DEBUG    | [PROCESS_BASELINE] MsMpEng.exe
2026-05-23 16:13:48,392 | DEBUG    | [PROCESS_BASELINE] Spotify.exe
2026-05-23 16:13:48,393 | DEBUG    | [PROCESS_BASELINE] svchost.exe
2026-05-23 16:13:48,394 | DEBUG    | [PROCESS_BASELINE] windhawk.exe
2026-05-23 16:13:48,395 | DEBUG    | [PROCESS_BASELINE] svchost.exe
2026-05-23 16:13:48,396 | DEBUG    | [PROCESS_BASELINE] wslservice.exe
2026-05-23 16:13:48,397 | DEBUG    | [PROCESS_BASELINE] svchost.exe
2026-05-23 16:13:48,398 | DEBUG    | [PROCESS_BASELINE] RtkAudUService64.exe
2026-05-23 16:13:48,402 | DEBUG    | [PROCESS_BASELINE] TextInputHost.exe
2026-05-23 16:13:48,403 | DEBUG    | [PROCESS_BASELINE] svchost.exe
2026-05-23 16:13:48,404 | DEBUG    | [PROCESS_BASELINE] WUDFHost.exe
2026-05-23 16:13:48,405 | DEBUG    | [PROCESS_BASELINE] amdpmfserviceuser.exe
2026-05-23 16:13:48,406 | DEBUG    | [PROCESS_BASELINE] svchost.exe
2026-05-23 16:13:48,407 | DEBUG    | [PROCESS_BASELINE] windhawk.exe
2026-05-23 16:13:48,409 | DEBUG    | [PROCESS_BASELINE] svchost.exe
2026-05-23 16:13:48,411 | DEBUG    | [PROCESS_BASELINE] svchost.exe
2026-05-23 16:13:48,412 | DEBUG    | [PROCESS_BASELINE] conhost.exe
2026-05-23 16:13:48,413 | DEBUG    | [PROCESS_BASELINE] WmiPrvSE.exe
2026-05-23 16:13:48,414 | DEBUG    | [PROCESS_BASELINE] conhost.exe
2026-05-23 16:13:48,415 | DEBUG    | [PROCESS_BASELINE] glazewm.exe
2026-05-23 16:13:48,417 | DEBUG    | [PROCESS_BASELINE] svchost.exe
2026-05-23 16:13:48,418 | DEBUG    | [PROCESS_BASELINE] svchost.exe
2026-05-23 16:13:48,419 | DEBUG    | [PROCESS_BASELINE] AutoModeDetect.exe
2026-05-23 16:13:48,420 | DEBUG    | [PROCESS_BASELINE] svchost.exe
2026-05-23 16:13:48,421 | DEBUG    | [PROCESS_BASELINE] DAX3API.exe
2026-05-23 16:13:48,421 | DEBUG    | [PROCESS_BASELINE] unsecapp.exe
2026-05-23 16:13:48,422 | DEBUG    | [PROCESS_BASELINE] thide.exe
2026-05-23 16:13:48,424 | DEBUG    | [PROCESS_BASELINE] Spotify.exe
2026-05-23 16:13:48,424 | DEBUG    | [PROCESS_BASELINE] RtkAudUService64.exe
2026-05-23 16:13:48,425 | DEBUG    | [PROCESS_BASELINE] Code.exe
2026-05-23 16:13:48,427 | DEBUG    | [PROCESS_BASELINE] Code.exe
2026-05-23 16:13:48,427 | DEBUG    | [PROCESS_BASELINE] PowerToys.Peek.UI.exe
2026-05-23 16:13:48,429 | DEBUG    | [PROCESS_BASELINE] svchost.exe
2026-05-23 16:13:48,429 | DEBUG    | [PROCESS_BASELINE] AggregatorHost.exe
2026-05-23 16:13:48,430 | DEBUG    | [PROCESS_BASELINE] NisSrv.exe
2026-05-23 16:13:48,435 | DEBUG    | [PROCESS_BASELINE] OneDrive.Sync.Service.exe
2026-05-23 16:13:48,435 | DEBUG    | [PROCESS_BASELINE] svchost.exe
2026-05-23 16:13:48,437 | DEBUG    | [PROCESS_BASELINE] sihost.exe
2026-05-23 16:13:48,438 | DEBUG    | [PROCESS_BASELINE] svchost.exe
2026-05-23 16:13:48,438 | DEBUG    | [PROCESS_BASELINE] WTabletServiceISD.exe
2026-05-23 16:13:48,440 | DEBUG    | [PROCESS_BASELINE] svchost.exe
2026-05-23 16:13:48,441 | DEBUG    | [PROCESS_BASELINE] PowerToys.FancyZones.exe
2026-05-23 16:13:48,443 | DEBUG    | [PROCESS_BASELINE] svchost.exe
2026-05-23 16:13:48,444 | DEBUG    | [PROCESS_BASELINE] uihost.exe
2026-05-23 16:13:48,444 | DEBUG    | [PROCESS_BASELINE] OneDrive.exe
2026-05-23 16:13:48,446 | DEBUG    | [PROCESS_BASELINE] svchost.exe
2026-05-23 16:13:48,449 | DEBUG    | [PROCESS_BASELINE] svchost.exe
2026-05-23 16:13:48,450 | DEBUG    | [PROCESS_BASELINE] FnHotkeyCapsLKNumLK.exe
2026-05-23 16:13:48,451 | DEBUG    | [PROCESS_BASELINE] svchost.exe
2026-05-23 16:13:48,452 | DEBUG    | [PROCESS_BASELINE] svchost.exe
2026-05-23 16:13:48,453 | DEBUG    | [PROCESS_BASELINE] svchost.exe
2026-05-23 16:13:48,454 | DEBUG    | [PROCESS_BASELINE] Win32Controller.exe
2026-05-23 16:13:48,454 | DEBUG    | [PROCESS_BASELINE] taskhostw.exe
2026-05-23 16:13:48,455 | DEBUG    | [PROCESS_BASELINE] MicrosoftEdgeUpdate.exe
2026-05-23 16:13:48,457 | DEBUG    | [PROCESS_BASELINE] svchost.exe
2026-05-23 16:13:48,458 | DEBUG    | [PROCESS_BASELINE] svchost.exe
2026-05-23 16:13:48,459 | DEBUG    | [PROCESS_BASELINE] BraveCrashHandler64.exe
2026-05-23 16:13:48,460 | DEBUG    | [PROCESS_BASELINE] PowerToys.Awake.exe
2026-05-23 16:13:48,461 | DEBUG    | [PROCESS_BASELINE] ApplicationFrameHost.exe
2026-05-23 16:13:48,463 | DEBUG    | [PROCESS_BASELINE] explorer.exe
2026-05-23 16:13:48,466 | DEBUG    | [PROCESS_BASELINE] svchost.exe
2026-05-23 16:13:48,466 | DEBUG    | [PROCESS_BASELINE] ShellHost.exe
2026-05-23 16:13:48,467 | DEBUG    | [PROCESS_BASELINE] Code.exe
2026-05-23 16:13:48,468 | DEBUG    | [PROCESS_BASELINE] unsecapp.exe
2026-05-23 16:13:48,469 | DEBUG    | [PROCESS_BASELINE] CrossDeviceResume.exe
2026-05-23 16:13:48,470 | DEBUG    | [PROCESS_BASELINE] TabTip.exe
2026-05-23 16:13:48,471 | DEBUG    | [PROCESS_BASELINE] WmiApSrv.exe
2026-05-23 16:13:48,472 | DEBUG    | [PROCESS_BASELINE] Lenovo.Modern.ImController.exe
2026-05-23 16:13:48,473 | DEBUG    | [PROCESS_BASELINE] BraveCrashHandler.exe
2026-05-23 16:13:48,474 | DEBUG    | [PROCESS_BASELINE] PowerToys.exe
2026-05-23 16:13:48,475 | DEBUG    | [PROCESS_BASELINE] CrossDeviceService.exe
2026-05-23 16:13:48,476 | DEBUG    | [PROCESS_BASELINE] FnHotkeyUtility.exe
2026-05-23 16:13:48,477 | DEBUG    | [PROCESS_BASELINE] brave.exe
2026-05-23 16:13:48,482 | DEBUG    | [PROCESS_BASELINE] svchost.exe
2026-05-23 16:13:48,483 | DEBUG    | [PROCESS_BASELINE] svchost.exe
2026-05-23 16:13:48,484 | DEBUG    | [PROCESS_BASELINE] svchost.exe
2026-05-23 16:13:48,486 | DEBUG    | [PROCESS_BASELINE] SmartNote.exe
2026-05-23 16:13:48,487 | DEBUG    | [PROCESS_BASELINE] AMDRSServ.exe
2026-05-23 16:13:48,488 | DEBUG    | [PROCESS_BASELINE] RuntimeBroker.exe
2026-05-23 16:13:48,488 | DEBUG    | [PROCESS_BASELINE] svchost.exe
2026-05-23 16:13:48,489 | DEBUG    | [PROCESS_BASELINE] FileCoAuth.exe
2026-05-23 16:13:48,491 | DEBUG    | [PROCESS_BASELINE] svchost.exe
2026-05-23 16:13:48,492 | DEBUG    | [PROCESS_BASELINE] StartMenuExperienceHost.exe
2026-05-23 16:13:48,493 | DEBUG    | [PROCESS_BASELINE] SearchHost.exe
2026-05-23 16:13:48,498 | DEBUG    | [PROCESS_BASELINE] RuntimeBroker.exe
2026-05-23 16:13:48,500 | DEBUG    | [PROCESS_BASELINE] svchost.exe
2026-05-23 16:13:48,501 | DEBUG    | [PROCESS_BASELINE] Widgets.exe
2026-05-23 16:13:48,502 | DEBUG    | [PROCESS_BASELINE] SystemSettings.exe
2026-05-23 16:13:48,503 | DEBUG    | [PROCESS_BASELINE] brave.exe
2026-05-23 16:13:48,504 | DEBUG    | [PROCESS_BASELINE] Code.exe
2026-05-23 16:13:48,505 | DEBUG    | [PROCESS_BASELINE] SearchIndexer.exe
2026-05-23 16:13:48,506 | DEBUG    | [PROCESS_BASELINE] msedgewebview2.exe
2026-05-23 16:13:48,507 | DEBUG    | [PROCESS_BASELINE] msedgewebview2.exe
2026-05-23 16:13:48,509 | DEBUG    | [PROCESS_BASELINE] svchost.exe
2026-05-23 16:13:48,513 | DEBUG    | [PROCESS_BASELINE] msedgewebview2.exe
2026-05-23 16:13:48,514 | DEBUG    | [PROCESS_BASELINE] PowerToys.QuickAccess.exe
2026-05-23 16:13:48,515 | DEBUG    | [PROCESS_BASELINE] msedgewebview2.exe
2026-05-23 16:13:48,516 | DEBUG    | [PROCESS_BASELINE] Discord.exe
2026-05-23 16:13:48,517 | DEBUG    | [PROCESS_BASELINE] conhost.exe
2026-05-23 16:13:48,518 | DEBUG    | [PROCESS_BASELINE] Discord.exe
2026-05-23 16:13:48,519 | DEBUG    | [PROCESS_BASELINE] Spotify.exe
2026-05-23 16:13:48,520 | DEBUG    | [PROCESS_BASELINE] ctfmon.exe
2026-05-23 16:13:48,520 | DEBUG    | [PROCESS_BASELINE] Spotify.exe
2026-05-23 16:13:48,521 | DEBUG    | [PROCESS_BASELINE] conhost.exe
2026-05-23 16:13:48,522 | DEBUG    | [PROCESS_BASELINE] LenovoVantage-(GenericMessagingAddin).exe
2026-05-23 16:13:48,523 | DEBUG    | [PROCESS_BASELINE] OpenConsole.exe
2026-05-23 16:13:48,526 | DEBUG    | [PROCESS_BASELINE] SecurityHealthSystray.exe
2026-05-23 16:13:48,529 | DEBUG    | [PROCESS_BASELINE] brave.exe
2026-05-23 16:13:48,530 | DEBUG    | [PROCESS_BASELINE] msedgewebview2.exe
2026-05-23 16:13:48,532 | DEBUG    | [PROCESS_BASELINE] SecurityHealthService.exe
2026-05-23 16:13:48,533 | DEBUG    | [PROCESS_BASELINE] FileSyncHelper.exe
2026-05-23 16:13:48,534 | DEBUG    | [PROCESS_BASELINE] Discord.exe
2026-05-23 16:13:48,534 | DEBUG    | [PROCESS_BASELINE] Code.exe
2026-05-23 16:13:48,535 | DEBUG    | [PROCESS_BASELINE] Discord.exe
2026-05-23 16:13:48,536 | DEBUG    | [PROCESS_BASELINE] Discord.exe
2026-05-23 16:13:48,537 | DEBUG    | [PROCESS_BASELINE] msedgewebview2.exe
2026-05-23 16:13:48,538 | DEBUG    | [PROCESS_BASELINE] msedgewebview2.exe
2026-05-23 16:13:48,539 | DEBUG    | [PROCESS_BASELINE] msedgewebview2.exe
2026-05-23 16:13:48,540 | DEBUG    | [PROCESS_BASELINE] svchost.exe
2026-05-23 16:13:48,543 | DEBUG    | [PROCESS_BASELINE] WidgetService.exe
2026-05-23 16:13:48,544 | DEBUG    | [PROCESS_BASELINE] Spotify.exe
2026-05-23 16:13:48,546 | DEBUG    | [PROCESS_BASELINE] python3.12.exe
2026-05-23 16:13:48,547 | DEBUG    | [PROCESS_BASELINE] Discord.exe
2026-05-23 16:13:48,548 | DEBUG    | [PROCESS_BASELINE] svchost.exe
2026-05-23 16:13:48,549 | DEBUG    | [PROCESS_BASELINE] svchost.exe
2026-05-23 16:13:48,550 | DEBUG    | [PROCESS_BASELINE] svchost.exe
2026-05-23 16:13:48,551 | DEBUG    | [PROCESS_BASELINE] svchost.exe
2026-05-23 16:13:48,552 | DEBUG    | [PROCESS_BASELINE] Spotify.exe
2026-05-23 16:13:48,553 | DEBUG    | [PROCESS_BASELINE] svchost.exe
2026-05-23 16:13:48,553 | DEBUG    | [PROCESS_BASELINE] DiscordSystemHelper.exe
2026-05-23 16:13:48,554 | DEBUG    | [PROCESS_BASELINE] Code.exe
2026-05-23 16:13:48,555 | DEBUG    | [PROCESS_BASELINE] backgroundTaskHost.exe
2026-05-23 16:13:48,556 | DEBUG    | [PROCESS_BASELINE] Flow.Launcher.exe
2026-05-23 16:13:48,563 | DEBUG    | [PROCESS_BASELINE] DiscordSystemHelper.exe
2026-05-23 16:13:48,565 | DEBUG    | [PROCESS_BASELINE] amdow.exe
2026-05-23 16:13:48,566 | DEBUG    | [PROCESS_BASELINE] Spotify.exe
2026-05-23 16:13:48,568 | DEBUG    | [PROCESS_BASELINE] brave.exe
2026-05-23 16:13:48,569 | DEBUG    | [PROCESS_BASELINE] RadeonSoftware.exe
2026-05-23 16:13:48,570 | DEBUG    | [PROCESS_BASELINE] powershell.exe
2026-05-23 16:13:48,571 | DEBUG    | [PROCESS_BASELINE] brave.exe
2026-05-23 16:13:48,575 | DEBUG    | [PROCESS_BASELINE] cncmd.exe
2026-05-23 16:13:48,577 | DEBUG    | [PROCESS_BASELINE] Locator.exe
2026-05-23 16:13:48,579 | DEBUG    | [PROCESS_BASELINE] Code.exe
2026-05-23 16:13:48,580 | DEBUG    | [PROCESS_BASELINE] brave.exe
2026-05-23 16:13:48,582 | DEBUG    | [PROCESS_BASELINE] brave.exe
2026-05-23 16:13:48,583 | DEBUG    | [PROCESS_BASELINE] brave.exe
2026-05-23 16:13:48,584 | DEBUG    | [PROCESS_BASELINE] brave.exe
2026-05-23 16:13:48,585 | DEBUG    | [PROCESS_BASELINE] brave.exe
2026-05-23 16:13:48,586 | DEBUG    | [PROCESS_BASELINE] brave.exe
2026-05-23 16:13:48,586 | DEBUG    | [PROCESS_BASELINE] brave.exe
2026-05-23 16:13:48,588 | DEBUG    | [PROCESS_BASELINE] UserOOBEBroker.exe
2026-05-23 16:13:48,590 | DEBUG    | [PROCESS_BASELINE] Code.exe
2026-05-23 16:13:48,591 | DEBUG    | [PROCESS_BASELINE] WmiPrvSE.exe
2026-05-23 16:13:48,594 | DEBUG    | [PROCESS_BASELINE] brave.exe
2026-05-23 16:13:48,595 | DEBUG    | [PROCESS_BASELINE] taskhostw.exe
2026-05-23 16:13:48,596 | DEBUG    | [PROCESS_BASELINE] svchost.exe
2026-05-23 16:13:48,597 | DEBUG    | [PROCESS_BASELINE] svchost.exe
2026-05-23 16:13:48,599 | DEBUG    | [PROCESS_BASELINE] brave.exe
2026-05-23 16:13:48,600 | DEBUG    | [PROCESS_BASELINE] svchost.exe
2026-05-23 16:13:48,601 | DEBUG    | [PROCESS_BASELINE] brave.exe
2026-05-23 16:13:48,602 | DEBUG    | [PROCESS_BASELINE] brave.exe
2026-05-23 16:13:48,604 | DEBUG    | [PROCESS_BASELINE] brave.exe
2026-05-23 16:13:48,608 | DEBUG    | [PROCESS_BASELINE] powershell.exe
2026-05-23 16:13:48,610 | DEBUG    | [PROCESS_BASELINE] Code.exe
2026-05-23 16:13:48,611 | DEBUG    | [PROCESS_BASELINE] Code.exe
2026-05-23 16:13:48,614 | DEBUG    | [PROCESS_BASELINE] RuntimeBroker.exe
2026-05-23 16:13:48,615 | DEBUG    | [PROCESS_BASELINE] Code.exe
2026-05-23 16:13:48,616 | DEBUG    | [PROCESS_BASELINE] brave.exe
2026-05-23 16:13:48,617 | DEBUG    | [PROCESS_BASELINE] pet.exe
2026-05-23 16:13:48,618 | DEBUG    | [PROCESS_BASELINE] Code.exe
2026-05-23 16:13:48,620 | DEBUG    | [PROCESS_BASELINE] conhost.exe
2026-05-23 16:13:57,034 | INFO     | [FILE_CREATED] C:\Users\tsean\AppData\Local\Temp\a7dd1697-2d5f-4aac-8321-aad4350cda27.tmp
2026-05-23 16:13:57,831 | WARNING  | [PROCESS_STARTED] brave.exe
2026-05-23 16:14:03,997 | WARNING  | [PROCESS_STARTED] LenovoVantage-(LenovoSecurityAddin).exe
2026-05-23 16:14:03,998 | WARNING  | [PROCESS_STARTED] SmartNote.exe
2026-05-23 16:14:03,998 | WARNING  | [PROCESS_STARTED] RuntimeBroker.exe
2026-05-23 16:14:03,999 | WARNING  | [PROCESS_STARTED] LogonUI.exe
2026-05-23 16:14:04,000 | WARNING  | [PROCESS_STARTED] svchost.exe
2026-05-23 16:14:04,000 | WARNING  | [PROCESS_STARTED] LockApp.exe
2026-05-23 16:14:04,001 | WARNING  | [PROCESS_STARTED] svchost.exe
2026-05-23 16:14:07,104 | WARNING  | [PROCESS_STARTED] svchost.exe
2026-05-23 16:14:07,107 | WARNING  | [PROCESS_STARTED] WmiPrvSE.exe
2026-05-23 16:14:07,108 | WARNING  | [PROCESS_STARTED] LenovoVantage-(SmartDisplayAddin).exe
2026-05-23 16:14:10,219 | WARNING  | [PROCESS_STARTED] ctfmon.exe
2026-05-23 16:14:10,222 | WARNING  | [PROCESS_STARTED] TabTip.exe
2026-05-23 16:14:10,223 | WARNING  | [PROCESS_STARTED] LenovoVantage-(LenovoSecurityAddin).exe
2026-05-23 16:14:10,225 | INFO     | [PROCESS_ENDED] LenovoVantage-(LenovoSecurityAddin).exe
2026-05-23 16:14:10,227 | INFO     | [PROCESS_ENDED] SmartNote.exe
2026-05-23 16:14:12,153 | INFO     | [WINDOWS_EVENT] Security
2026-05-23 16:14:12,155 | INFO     | [WINDOWS_EVENT] Security
2026-05-23 16:14:13,350 | WARNING  | [PROCESS_STARTED] LenovoVantage-(BatteryWidgetAddin).exe
2026-05-23 16:14:13,350 | WARNING  | [PROCESS_STARTED] LenovoVantage-(GenericTelemetryAddin).exe
2026-05-23 16:14:13,356 | WARNING  | [PROCESS_STARTED] FnHotkeyCapsLKNumLK.exe
2026-05-23 16:14:13,359 | INFO     | [PROCESS_ENDED] TabTip.exe
2026-05-23 16:14:13,359 | INFO     | [PROCESS_ENDED] LogonUI.exe
2026-05-23 16:14:16,510 | WARNING  | [PROCESS_STARTED] FnHotkeyCapsLKNumLK.exe
2026-05-23 16:14:22,176 | INFO     | [WINDOWS_EVENT] Security
2026-05-23 16:14:38,749 | WARNING  | [PROCESS_STARTED] LenovoVantage-(SmartPanelAddin).exe
2026-05-23 16:14:38,749 | INFO     | [WINDOWS_EVENT] Security
2026-05-23 16:14:38,749 | WARNING  | [PROCESS_STARTED] LenovoVantage-(SmartNoiseCancelledAddin).exe
2026-05-23 16:14:38,754 | WARNING  | [PROCESS_STARTED] FnHotkeyCapsLKNumLK.exe
2026-05-23 16:14:38,757 | WARNING  | [PROCESS_STARTED] LenovoVantage-(SmartBEAddin).exe
2026-05-23 16:14:38,759 | INFO     | [PROCESS_ENDED] ctfmon.exe
2026-05-23 16:14:38,761 | INFO     | [PROCESS_ENDED] FnHotkeyCapsLKNumLK.exe
2026-05-23 16:14:41,843 | WARNING  | [PROCESS_STARTED] smartscreen.exe
2026-05-23 16:14:41,843 | INFO     | [PROCESS_ENDED] FnHotkeyCapsLKNumLK.exe
2026-05-23 16:14:41,843 | INFO     | [PROCESS_ENDED] LenovoVantage-(SmartPanelAddin).exe
2026-05-23 16:14:41,843 | INFO     | [PROCESS_ENDED] LenovoVantage-(LenovoSecurityAddin).exe
2026-05-23 16:14:41,843 | INFO     | [PROCESS_ENDED] LenovoVantage-(SmartBEAddin).exe
2026-05-23 16:14:41,843 | INFO     | [PROCESS_ENDED] LenovoVantage-(BatteryWidgetAddin).exe
2026-05-23 16:14:41,853 | INFO     | [PROCESS_ENDED] FnHotkeyCapsLKNumLK.exe
2026-05-23 16:14:41,858 | INFO     | [PROCESS_ENDED] LenovoVantage-(SmartDisplayAddin).exe
2026-05-23 16:14:41,862 | INFO     | [PROCESS_ENDED] svchost.exe
2026-05-23 16:14:41,864 | INFO     | [PROCESS_ENDED] brave.exe
2026-05-23 16:14:41,898 | DEBUG    | [PROCESS_SNAPSHOT] system
2026-05-23 16:14:44,970 | WARNING  | [PROCESS_STARTED] backgroundTaskHost.exe
2026-05-23 16:14:44,972 | WARNING  | [PROCESS_STARTED] StoreDesktopExtension.exe
